<?xml version="1.0" encoding="UTF-8"?>
<!-- Generated by org.testng.reporters.JUnitReportReporter -->
<testsuite hostname="DESKTOP-12SV8C7" failures="0" tests="2" name="walmart.testcases.MyaccountTest" time="23.417" errors="0" timestamp="2021-02-05T23:27:05 EST" skipped="0">
  <testcase classname="walmart.testcases.MyaccountTest" name="chectitle" time="11.534"/>
  <system-out/>
  <testcase classname="walmart.testcases.MyaccountTest" name="checklabel" time="11.883"/>
  <system-out/>
</testsuite> <!-- walmart.testcases.MyaccountTest -->
