<?xml version="1.0" encoding="UTF-8"?>
<!-- Generated by org.testng.reporters.JUnitReportReporter -->
<testsuite hostname="DESKTOP-12SV8C7" failures="0" tests="2" name="walmart.testcases.PersonalTest" time="21.644" errors="0" timestamp="2021-02-06T04:52:49 EST" skipped="0">
  <testcase classname="walmart.testcases.PersonalTest" name="title" time="10.750"/>
  <system-out/>
  <testcase classname="walmart.testcases.PersonalTest" name="label" time="10.894"/>
  <system-out/>
</testsuite> <!-- walmart.testcases.PersonalTest -->
