<?xml version="1.0" encoding="UTF-8"?>
<!-- Generated by org.testng.reporters.JUnitReportReporter -->
<testsuite hostname="DESKTOP-12SV8C7" failures="0" tests="4" name="walmart.testcases.SignInPageTest" time="21.040" errors="0" timestamp="2021-02-05T20:16:29 EST" skipped="0">
  <testcase classname="walmart.testcases.SignInPageTest" name="checkUrl" time="5.036"/>
  <system-out/>
  <testcase classname="walmart.testcases.SignInPageTest" name="checklogo" time="5.156"/>
  <system-out/>
  <testcase classname="walmart.testcases.SignInPageTest" name="signupbutton" time="5.136"/>
  <system-out/>
  <testcase classname="walmart.testcases.SignInPageTest" name="signinfields" time="5.712"/>
  <system-out/>
</testsuite> <!-- walmart.testcases.SignInPageTest -->
