<?xml version="1.0" encoding="UTF-8"?>
<!-- Generated by org.testng.reporters.JUnitReportReporter -->
<testsuite hostname="DESKTOP-12SV8C7" failures="0" tests="2" name="walmart.testcases.Signup" time="17.826" errors="0" timestamp="2021-02-06T06:40:54 EST" skipped="0">
  <testcase classname="walmart.testcases.Signup" name="login" time="8.909"/>
  <system-out/>
  <testcase classname="walmart.testcases.Signup" name="login" time="8.917"/>
  <system-out/>
</testsuite> <!-- walmart.testcases.Signup -->
