<?xml version="1.0" encoding="UTF-8"?>
<!-- Generated by org.testng.reporters.JUnitReportReporter -->
<testsuite hostname="DESKTOP-12SV8C7" failures="0" tests="2" name="walmart.testcases.AddressTest" time="21.183" errors="0" timestamp="2021-02-06T04:35:57 EST" skipped="0">
  <testcase classname="walmart.testcases.AddressTest" name="title" time="11.558"/>
  <system-out/>
  <testcase classname="walmart.testcases.AddressTest" name="label" time="9.625"/>
  <system-out/>
</testsuite> <!-- walmart.testcases.AddressTest -->
