<?xml version="1.0" encoding="UTF-8"?>
<!-- Generated by org.testng.reporters.JUnitReportReporter -->
<testsuite hostname="DESKTOP-12SV8C7" failures="0" tests="1" name="walmart.testcases.MyrecomenTest" time="11.947" errors="0" timestamp="2021-02-05T22:57:41 EST" skipped="0">
  <testcase classname="walmart.testcases.MyrecomenTest" name="checktitle" time="11.947"/>
  <system-out/>
</testsuite> <!-- walmart.testcases.MyrecomenTest -->
